<?xml version="1.0" encoding="UTF-8"?>
<testsuite xmlns:xsi="http://www.w3.org/2001/XMLSchema-instance" xsi:noNamespaceSchemaLocation="https://maven.apache.org/surefire/maven-surefire-plugin/xsd/surefire-test-report-3.0.xsd" version="3.0" name="br.edu.infnet.apppetshop.ApppetshopApplicationTests" time="1.891" tests="1" errors="0" skipped="0" failures="0">
  <properties>
[...]
</properties>
  <testcase name="contextLoads" classname="br.edu.infnet.apppetshop.ApppetshopApplicationTests" time="0.604">
    <system-out><![CDATA[12:24:58.231 [main] INFO org.springframework.test.context.support.AnnotationConfigContextLoaderUtils -- Could not detect default configuration classes for test class [br.edu.infnet.apppetshop.ApppetshopApplicationTests]: ApppetshopApplicationTests does not declare any static, non-private, non-final, nested classes annotated with @Configuration.
12:24:58.307 [main] INFO org.springframework.boot.test.context.SpringBootTestContextBootstrapper -- Found @SpringBootConfiguration br.edu.infnet.apppetshop.ApppetshopApplication for test class br.edu.infnet.apppetshop.ApppetshopApplicationTests

  .   ____          _            __ _ _
 /\\ / ___'_ __ _ _(_)_ __  __ _ \ \ \ \
( ( )\___ | '_ | '_| | '_ \/ _` | \ \ \ \
 \\/  ___)| |_)| | | | | || (_| |  ) ) ) )
  '  |____| .__|_| |_|_| |_\__, | / / / /
 =========|_|==============|___/=/_/_/_/
 :: Spring Boot ::                (v3.1.5)

2023-12-20T12:24:58.576-03:00  INFO 16556 --- [           main] b.e.i.a.ApppetshopApplicationTests       : Starting ApppetshopApplicationTests using Java 21.0.1 with PID 16556 (started by T-GAMER in C:\INFNET\2023.2\PROJETO DE BLOCO\dev\apppetshop)
2023-12-20T12:24:58.578-03:00  INFO 16556 --- [           main] b.e.i.a.ApppetshopApplicationTests       : No active profile set, falling back to 1 default profile: "default"
2023-12-20T12:24:59.368-03:00  INFO 16556 --- [           main] b.e.i.a.ApppetshopApplicationTests       : Started ApppetshopApplicationTests in 0.966 seconds (process running for 1.654)
[Pessoa][Pessoa] Nome: maria; CPF: 33333333333
[Pessoa][Pessoa] Nome: ana; CPF: 44444444444
[Pessoa][Pessoa] Nome: leandro; CPF: 22222222222
[ProprietarioDoAnimal] Detalhes do Proprietário do Animal:
Nome: Carlos
CPF: 5555555555
Endereço: Rua B
Telefone: 1122222222
Email: carlos@email.com - Inclusão realizada com sucesso!
[ProprietarioDoAnimal] Detalhes do Proprietário do Animal:
Nome: Patricia
CPF: 9999999999
Endereço: Avenida X
Telefone: 987654321
Email: patricia@email.com - Inclusão realizada com sucesso!
[ProprietarioDoAnimal] Detalhes do Proprietário do Animal:
Nome: Roberto
CPF: 8888888888
Endereço: Rua Y
Telefone: 876543210
Email: roberto@email.com - Inclusão realizada com sucesso!
[Funcionario] Detalhes do Funcionário:
Nome: João
CPF: 11111111111
Função: Atendente
Turno de Trabalho: Manhã
Animal: null - Inclusão realizada com sucesso!
[Funcionario] Detalhes do Funcionário:
Nome: Maria
CPF: 22222222222
Função: Veterinário
Turno de Trabalho: Tarde
Animal: null - Inclusão realizada com sucesso!
[Funcionario] Detalhes do Funcionário:
Nome: Pedro
CPF: 33333333333
Função: Aparador
Turno de Trabalho: Manhã
Animal: null - Inclusão realizada com sucesso!
[Animal] Nome: Bolinha, Espécie: Cachorro - Inclusão realizada com sucesso!
[Animal] Nome: Whiskers, Espécie: Gato - Inclusão realizada com sucesso!
[Animal] Nome: Rex, Espécie: Cachorro - Inclusão realizada com sucesso!
[Animal] [Animal] Nome: Rex; Espécie: Cachorro; Raça: Golden Retriever; Sexo: Macho; Idade: 5; Peso: 25,00; Vacinado: Sim
[Animal] [Animal] Nome: Bolinha; Espécie: Cachorro; Raça: Vira-lata; Sexo: Macho; Idade: 3; Peso: 5,50; Vacinado: Sim
[Animal] [Animal] Nome: Whiskers; Espécie: Gato; Raça: Siamês; Sexo: Fêmea; Idade: 2; Peso: 4,00; Vacinado: Não
[CatalogoServicos] Nome do Serviço: Banho e Tosa, Preço: 50.0, Duração (minutos): 60, Disponível para Agendamento: true, Serviços Adicionais: Banho, Tosa higiênica, Hidratação - Inclusão realizada com sucesso!
[CatalogoServicos] Nome do Serviço: Consulta Veterinária, Preço: 80.0, Duração (minutos): 30, Disponível para Agendamento: true, Serviços Adicionais: Exame físico, Prescrição de medicamentos - Inclusão realizada com sucesso!
[CatalogoServicos] Nome do Serviço: Vacinação, Preço: 40.0, Duração (minutos): 15, Disponível para Agendamento: true, Serviços Adicionais: V8, Antirrábica - Inclusão realizada com sucesso!
[AgendamentoServicos] Detalhes do Agendamento:
Data do Agendamento: 2023-12-20T12:24:59.377257600
Funcionários Agendados: [[Pessoa] Nome: Lucas; CPF: 123456789; Função: Tosador; Turno de Trabalho: Manhã; Animal: null]
Proprietários Agendados: [[Pessoa] Nome: Carlos; CPF: 5555555555; Endereço: Rua B; Telefone: 1122222222; Email: carlos@email.com]
Confirmado: true
Data de Conclusão: 2023-12-20T14:24:59.377257600 - Inclusão realizada com sucesso!
]]></system-out>
    <system-err><![CDATA[WARNING: A Java agent has been loaded dynamically (C:\Users\T-GAMER\.m2\repository\net\bytebuddy\byte-buddy-agent\1.14.9\byte-buddy-agent-1.14.9.jar)
WARNING: If a serviceability tool is in use, please run with -XX:+EnableDynamicAgentLoading to hide this warning
WARNING: If a serviceability tool is not in use, please run with -Djdk.instrument.traceUsage for more information
WARNING: Dynamic loading of agents will be disallowed by default in a future release
]]></system-err>
  </testcase>
</testsuite>